<?xml version="1.0" encoding="UTF-8"?>
<!-- Generated by org.testng.reporters.JUnitReportReporter -->
<testsuite skipped="0" hostname="BDC6-DX-9ZDG882" name="com.Webshop.NewTest" tests="2" failures="0" timestamp="13 Nov 2018 10:16:00 GMT" time="0.017" errors="0">
  <testcase name="test1" time="0.011" classname="com.Webshop.NewTest"/>
  <testcase name="test2" time="0.006" classname="com.Webshop.NewTest"/>
</testsuite> <!-- com.Webshop.NewTest -->
