<?xml version="1.0" encoding="UTF-8"?>
<!-- Generated by org.testng.reporters.JUnitReportReporter -->
<testsuite skipped="0" hostname="BDC6-DX-9ZDG882" name="com.Webshop.fightHydToBan" tests="1" failures="0" timestamp="14 Nov 2018 08:54:52 GMT" time="21.198" errors="0">
  <testcase name="flightDemo" time="21.198" classname="com.Webshop.fightHydToBan"/>
</testsuite> <!-- com.Webshop.fightHydToBan -->
