<?xml version="1.0" encoding="UTF-8"?>
<!-- Generated by org.testng.reporters.JUnitReportReporter -->
<testsuite skipped="0" hostname="BDC6-DX-9ZDG882" name="com.com.Webshop.NewTest" tests="2" failures="0" timestamp="13 Nov 2018 09:43:52 GMT" time="0.010" errors="0">
  <testcase name="test1" time="0.006" classname="com.com.Webshop.NewTest"/>
  <testcase name="test2" time="0.004" classname="com.com.Webshop.NewTest"/>
</testsuite> <!-- com.com.Webshop.NewTest -->
